<?xml version="1.0" encoding="UTF-8"?>
<!-- Generated by org.testng.reporters.JUnitReportReporter -->
<testsuite hostname="ubuntu" name="lib.AxisServiceClientTest" tests="8" failures="0" timestamp="19 Aug 2014 07:53:37 GMT" time="8.840" errors="0">
  <testcase name="clearServiceParas" time="0.001" classname="lib.AxisServiceClientTest"/>
  <testcase name="getTargetNamespace" time="7.968" classname="lib.AxisServiceClientTest"/>
  <testcase name="clearServiceHttpHeader" time="0.070" classname="lib.AxisServiceClientTest"/>
  <testcase name="getMethod" time="0.078" classname="lib.AxisServiceClientTest"/>
  <testcase name="getValue" time="0.001" classname="lib.AxisServiceClientTest"/>
  <testcase name="createArrayFromOMElement" time="0.715" classname="lib.AxisServiceClientTest"/>
  <testcase name="createPayloadWithText" time="0.001" classname="lib.AxisServiceClientTest"/>
  <testcase name="getResponseAttributeValue" time="0.006" classname="lib.AxisServiceClientTest"/>
</testsuite> <!-- lib.AxisServiceClientTest -->
