<?xml version="1.0" encoding="UTF-8"?>
<!-- Generated by org.testng.reporters.JUnitReportReporter -->
<testsuite hostname="ubuntu" name="generator.ClientGeneratorTest" tests="7" failures="0" timestamp="9 Aug 2014 05:38:02 GMT" time="5.379" errors="0">
  <testcase name="testGenerateLibraries" time="2.067" classname="generator.ClientGeneratorTest"/>
  <testcase name="testGetOperations" time="0.135" classname="generator.ClientGeneratorTest"/>
  <testcase name="testIsNameValid" time="0.000" classname="generator.ClientGeneratorTest"/>
  <testcase name="testGetServiceName" time="0.160" classname="generator.ClientGeneratorTest"/>
  <testcase name="testSave" time="0.002" classname="generator.ClientGeneratorTest"/>
  <testcase name="testIsMethodNameValid" time="0.001" classname="generator.ClientGeneratorTest"/>
  <testcase name="testGenerateClient" time="3.014" classname="generator.ClientGeneratorTest"/>
</testsuite> <!-- generator.ClientGeneratorTest -->
