<?xml version="1.0" encoding="UTF-8"?>
<!-- Generated by org.testng.reporters.JUnitReportReporter -->
<testsuite hostname="ubuntu" name="lib.AxisServiceClientTest" tests="8" failures="0" timestamp="9 Aug 2014 18:05:03 GMT" time="9.349" errors="0">
  <testcase name="createPayloadWithText" time="0.001" classname="lib.AxisServiceClientTest"/>
  <testcase name="createArrayFromOMElement" time="0.580" classname="lib.AxisServiceClientTest"/>
  <testcase name="getTargetNamespace" time="8.159" classname="lib.AxisServiceClientTest"/>
  <testcase name="clearServiceParas" time="0.001" classname="lib.AxisServiceClientTest"/>
  <testcase name="getMethod" time="0.181" classname="lib.AxisServiceClientTest"/>
  <testcase name="clearServiceHttpHeader" time="0.417" classname="lib.AxisServiceClientTest"/>
  <testcase name="getValue" time="0.001" classname="lib.AxisServiceClientTest"/>
  <testcase name="getResponseAttributeValue" time="0.009" classname="lib.AxisServiceClientTest"/>
</testsuite> <!-- lib.AxisServiceClientTest -->
