<?xml version="1.0" encoding="UTF-8"?>
<!-- Generated by org.testng.reporters.JUnitReportReporter -->
<testsuite hostname="ubuntu" name="lib.StandardTest" tests="3" failures="0" timestamp="19 Aug 2014 07:53:37 GMT" time="0.005" errors="0">
  <testcase name="CreateArray" time="0.002" classname="lib.StandardTest"/>
  <testcase name="createArrayFromOME" time="0.002" classname="lib.StandardTest"/>
  <testcase name="containString" time="0.001" classname="lib.StandardTest"/>
</testsuite> <!-- lib.StandardTest -->
