<?xml version="1.0" encoding="UTF-8"?>
<!-- Generated by org.testng.reporters.JUnitReportReporter -->
<testsuite hostname="ubuntu" name="lib.ObjectPoolTest" tests="3" failures="0" timestamp="19 Aug 2014 07:53:37 GMT" time="0.023" errors="0">
  <testcase name="createProxyData" time="0.002" classname="lib.ObjectPoolTest"/>
  <testcase name="createUploadedFileItems" time="0.001" classname="lib.ObjectPoolTest"/>
  <testcase name="createAARServiceData" time="0.020" classname="lib.ObjectPoolTest"/>
</testsuite> <!-- lib.ObjectPoolTest -->
