<?xml version="1.0" encoding="UTF-8"?>
<!-- Generated by org.testng.reporters.JUnitReportReporter -->
<testsuite hostname="ubuntu" name="property.AutomationContextTest" tests="4" failures="0" timestamp="14 Aug 2014 15:48:40 GMT" time="1.088" errors="0">
  <testcase name="getUserName" time="0.019" classname="property.AutomationContextTest"/>
  <testcase name="getPassword" time="0.018" classname="property.AutomationContextTest"/>
  <testcase name="getHostName" time="0.271" classname="property.AutomationContextTest"/>
  <testcase name="context" time="0.780" classname="property.AutomationContextTest"/>
</testsuite> <!-- property.AutomationContextTest -->
