<?xml version="1.0" encoding="UTF-8"?>
<!-- Generated by org.testng.reporters.JUnitReportReporter -->
<testsuite hostname="ubuntu" name="client.configuration.AutomationConfigurationReaderTest" tests="5" failures="0" timestamp="21 Aug 2014 05:39:22 GMT" time="1.350" errors="0">
  <testcase name="getHostName" time="0.007" classname="client.configuration.AutomationConfigurationReaderTest"/>
  <testcase name="context" time="0.861" classname="client.configuration.AutomationConfigurationReaderTest"/>
  <testcase name="getDelayTime" time="0.430" classname="client.configuration.AutomationConfigurationReaderTest"/>
  <testcase name="getUserName" time="0.021" classname="client.configuration.AutomationConfigurationReaderTest"/>
  <testcase name="getPassword" time="0.031" classname="client.configuration.AutomationConfigurationReaderTest"/>
</testsuite> <!-- client.configuration.AutomationConfigurationReaderTest -->
