<?xml version="1.0" encoding="UTF-8"?>
<!-- Generated by org.testng.reporters.JUnitReportReporter -->
<testsuite hostname="ubuntu" name="generator.ClientGeneratorTest" tests="1" failures="0" timestamp="9 Aug 2014 17:28:35 GMT" time="5.447" errors="0">
  <testcase name="testGenerateClient" time="5.447" classname="generator.ClientGeneratorTest"/>
</testsuite> <!-- generator.ClientGeneratorTest -->
