<?xml version="1.0" encoding="UTF-8"?>
<!-- Generated by org.testng.reporters.JUnitReportReporter -->
<testsuite hostname="ubuntu" name="property.AutomationContextTest" tests="5" failures="0" timestamp="19 Aug 2014 07:53:37 GMT" time="1.537" errors="0">
  <testcase name="getHostName" time="0.009" classname="property.AutomationContextTest"/>
  <testcase name="getUserName" time="0.024" classname="property.AutomationContextTest"/>
  <testcase name="context" time="0.946" classname="property.AutomationContextTest"/>
  <testcase name="getDelayTime" time="0.535" classname="property.AutomationContextTest"/>
  <testcase name="getPassword" time="0.023" classname="property.AutomationContextTest"/>
</testsuite> <!-- property.AutomationContextTest -->
