<?xml version="1.0" encoding="UTF-8"?>
<!-- Generated by org.testng.reporters.JUnitReportReporter -->
<testsuite hostname="ubuntu" name="lib.AxisServiceClientTest" tests="8" failures="0" timestamp="9 Aug 2014 12:00:31 GMT" time="9.086" errors="0">
  <testcase name="createArrayFromOMElement" time="0.486" classname="lib.AxisServiceClientTest"/>
  <testcase name="clearServiceParas" time="0.001" classname="lib.AxisServiceClientTest"/>
  <testcase name="getResponseAttributeValue" time="0.006" classname="lib.AxisServiceClientTest"/>
  <testcase name="createPayloadWithText" time="0.001" classname="lib.AxisServiceClientTest"/>
  <testcase name="getValue" time="0.002" classname="lib.AxisServiceClientTest"/>
  <testcase name="getMethod" time="0.122" classname="lib.AxisServiceClientTest"/>
  <testcase name="getTargetNamespace" time="7.986" classname="lib.AxisServiceClientTest"/>
  <testcase name="clearServiceHttpHeader" time="0.482" classname="lib.AxisServiceClientTest"/>
</testsuite> <!-- lib.AxisServiceClientTest -->
