<?xml version="1.0" encoding="UTF-8"?>
<!-- Generated by org.testng.reporters.JUnitReportReporter -->
<testsuite hostname="ubuntu" name="generator.ClientGeneratorTest" tests="7" failures="0" timestamp="19 Aug 2014 07:53:37 GMT" time="6.781" errors="0">
  <testcase name="testGetServiceName" time="0.187" classname="generator.ClientGeneratorTest"/>
  <testcase name="testGenerateLibraries" time="4.741" classname="generator.ClientGeneratorTest"/>
  <testcase name="testIsNameValid" time="0.000" classname="generator.ClientGeneratorTest"/>
  <testcase name="testGenerateClient" time="1.698" classname="generator.ClientGeneratorTest"/>
  <testcase name="testGetOperations" time="0.132" classname="generator.ClientGeneratorTest"/>
  <testcase name="testIsMethodNameValid" time="0.005" classname="generator.ClientGeneratorTest"/>
  <testcase name="testSave" time="0.018" classname="generator.ClientGeneratorTest"/>
</testsuite> <!-- generator.ClientGeneratorTest -->
