<?xml version="1.0" encoding="UTF-8"?>
<!-- Generated by org.testng.reporters.JUnitReportReporter -->
<testsuite hostname="ubuntu" name="lib.ObjectPoolTest" tests="3" failures="0" timestamp="9 Aug 2014 04:01:54 GMT" time="0.185" errors="0">
  <testcase name="createAARServiceData" time="0.138" classname="lib.ObjectPoolTest"/>
  <testcase name="createUploadedFileItems" time="0.012" classname="lib.ObjectPoolTest"/>
  <testcase name="createProxyData" time="0.035" classname="lib.ObjectPoolTest"/>
</testsuite> <!-- lib.ObjectPoolTest -->
