<?xml version="1.0" encoding="UTF-8"?>
<!-- Generated by org.testng.reporters.JUnitReportReporter -->
<testsuite hostname="ubuntu" name="lib.StandardTest" tests="3" failures="0" timestamp="9 Aug 2014 06:35:10 GMT" time="0.923" errors="0">
  <testcase name="containString" time="0.002" classname="lib.StandardTest"/>
  <testcase name="CreateArray" time="0.290" classname="lib.StandardTest"/>
  <testcase name="createArrayFromOME" time="0.631" classname="lib.StandardTest"/>
</testsuite> <!-- lib.StandardTest -->
